  Validating sources
  Copying sources remotely to '192.168.98.128'
  Validating architecture
  Validating architecture
  Starting remote build
  Compiling sources:
  Chat.cpp
D:\MVS_project\SkillFactory\Dz27\Server\Chat.h(2): warning : ignoring #pragma comment  [-Wunknown-pragmas]
D:\MVS_project\SkillFactory\Dz27\Server\Chat.h(2): warning :     2 | #pragma comment (lib, "ws2_32.lib")
D:\MVS_project\SkillFactory\Dz27\Server\Chat.h(2): warning :       |
D:\MVS_project\SkillFactory\Dz27\Server\Chat.cpp(4,10): error : /usr/include/mysql/mysql.h: No such file or directory
D:\MVS_project\SkillFactory\Dz27\Server\Chat.cpp(4,10): error :     4 | #include </usr/include/mysql/mysql.h>
D:\MVS_project\SkillFactory\Dz27\Server\Chat.cpp(4,10): error :       |          ^~~~~~~~~~~~~~~~~~~~~~~~~~~~
D:\MVS_project\SkillFactory\Dz27\Server\Chat.cpp(4,10): error : compilation terminated.
  Logger.cpp
  main.cpp
D:\MVS_project\SkillFactory\Dz27\Server\Chat.h(2): warning : ignoring #pragma comment  [-Wunknown-pragmas]
D:\MVS_project\SkillFactory\Dz27\Server\Chat.h(2): warning :     2 | #pragma comment (lib, "ws2_32.lib")
D:\MVS_project\SkillFactory\Dz27\Server\Chat.h(2): warning :       |
D:\MVS_project\SkillFactory\Dz27\Server\Logger.h(38,10): error : ‘shared_mutex’ in namespace ‘std’ does not name a type
D:\MVS_project\SkillFactory\Dz27\Server\Logger.h(38,5): message : ‘std::shared_mutex’ is only available from C++17 onwards
D:\MVS_project\SkillFactory\Dz27\Server\Logger.h(17,9): error : ‘shared_mutex’ was not declared in this scope
D:\MVS_project\SkillFactory\Dz27\Server\Logger.h(17,9): error :    17 |         shared_mutex.lock();
D:\MVS_project\SkillFactory\Dz27\Server\Logger.h(17,9): error :       |         ^~~~~~~~~~~~
D:\MVS_project\SkillFactory\Dz27\Server\Logger.h(24,9): error : ‘shared_mutex’ was not declared in this scope
D:\MVS_project\SkillFactory\Dz27\Server\Logger.h(24,9): error :    24 |         shared_mutex.lock_shared();
D:\MVS_project\SkillFactory\Dz27\Server\Logger.h(24,9): error :       |         ^~~~~~~~~~~~
D:\MVS_project\SkillFactory\Dz27\Server\Logger.h(28,5): warning : no return statement in function returning non-void [-Wreturn-type]
D:\MVS_project\SkillFactory\Dz27\Server\Logger.h(28,5): warning :    28 |     }
D:\MVS_project\SkillFactory\Dz27\Server\Logger.h(28,5): warning :       |     ^
  Message.cpp
  User.cpp
